This is pdfTeX, Version 3.14159265-2.6-1.40.18 (TeX Live 2017) (preloaded format=pdflatex 2018.2.1)  5 MAR 2018 20:06
entering extended mode
 restricted \write18 enabled.
 file:line:error style messages enabled.
 %&-line parsing enabled.
**\input burbuja_0_images.tex
(./burbuja_0_images.tex

./burbuja_0_images.tex:2: LaTeX Error: Environment figure undefined.

See the LaTeX manual or LaTeX Companion for explanation.
Type  H <return>  for immediate help.
 ...                                              
                                                  
l.2 \begin{figure}
                  [H]%
Your command was ignored.
Type  I <command> <return>  to replace it with another command,
or  <return>  to continue without it.


./burbuja_0_images.tex:2: LaTeX Error: Missing \begin{document}.

See the LaTeX manual or LaTeX Companion for explanation.
Type  H <return>  for immediate help.
 ...                                              
                                                  
l.2 \begin{figure}[
                   H]%
You're in trouble here.  Try typing  <return>  to proceed.
If that doesn't work, type  X <return>  to quit.

Missing character: There is no [ in font nullfont!
Missing character: There is no H in font nullfont!
Missing character: There is no ] in font nullfont!
./burbuja_0_images.tex:4: Undefined control sequence.
l.4     \subfloat
                 [Nube de puntos]{\includegraphics[width=8cm]{../plots/burbu...
The control sequence at the end of the top line
of your error message was never \def'ed. If you have
misspelled it (e.g., `\hobx'), type `I' and the correct
spelling (e.g., `I\hbox'). Otherwise just continue,
and I'll forget about whatever was undefined.

Missing character: There is no [ in font nullfont!
Missing character: There is no N in font nullfont!
Missing character: There is no u in font nullfont!
Missing character: There is no b in font nullfont!
Missing character: There is no e in font nullfont!
Missing character: There is no d in font nullfont!
Missing character: There is no e in font nullfont!
Missing character: There is no p in font nullfont!
Missing character: There is no u in font nullfont!
Missing character: There is no n in font nullfont!
Missing character: There is no t in font nullfont!
Missing character: There is no o in font nullfont!
Missing character: There is no s in font nullfont!
Missing character: There is no ] in font nullfont!
./burbuja_0_images.tex:4: Undefined control sequence.
l.4     \subfloat[Nube de puntos]{\includegraphics
                                                  [width=8cm]{../plots/burbu...
The control sequence at the end of the top line
of your error message was never \def'ed. If you have
misspelled it (e.g., `\hobx'), type `I' and the correct
spelling (e.g., `I\hbox'). Otherwise just continue,
and I'll forget about whatever was undefined.

Missing character: There is no [ in font nullfont!
Missing character: There is no w in font nullfont!
Missing character: There is no i in font nullfont!
Missing character: There is no d in font nullfont!
Missing character: There is no t in font nullfont!
Missing character: There is no h in font nullfont!
Missing character: There is no = in font nullfont!
Missing character: There is no 8 in font nullfont!
Missing character: There is no c in font nullfont!
Missing character: There is no m in font nullfont!
Missing character: There is no ] in font nullfont!
Missing character: There is no . in font nullfont!
Missing character: There is no . in font nullfont!
Missing character: There is no / in font nullfont!
Missing character: There is no p in font nullfont!
Missing character: There is no l in font nullfont!
Missing character: There is no o in font nullfont!
Missing character: There is no t in font nullfont!
Missing character: There is no s in font nullfont!
Missing character: There is no / in font nullfont!
Missing character: There is no b in font nullfont!
Missing character: There is no u in font nullfont!
Missing character: There is no r in font nullfont!
Missing character: There is no b in font nullfont!
Missing character: There is no u in font nullfont!
Missing character: There is no j in font nullfont!
Missing character: There is no a in font nullfont!
./burbuja_0_images.tex:4: Missing $ inserted.
<inserted text> 
                $
l.4 ...ncludegraphics[width=8cm]{../plots/burbuja_
                                                  O0_points.png}}%
I've inserted a begin-math/end-math symbol since I think
you left one out. Proceed, with fingers crossed.

LaTeX Font Info:    External font `cmex10' loaded for size
(Font)              <7> on input line 4.
LaTeX Font Info:    External font `cmex10' loaded for size
(Font)              <5> on input line 4.
./burbuja_0_images.tex:4: Extra }, or forgotten $.
l.4 ...[width=8cm]{../plots/burbuja_O0_points.png}
                                                  }%
I've deleted a group-closing symbol because it seems to be
spurious, as in `$x}$'. But perhaps the } is legitimate and
you forgot something else, as in `\hbox{$x}'. In such cases
the way to recover is to insert both the forgotten and the
deleted material, e.g., by typing `I$}'.

./burbuja_0_images.tex:4: Extra }, or forgotten $.
l.4 ...width=8cm]{../plots/burbuja_O0_points.png}}
                                                  %
I've deleted a group-closing symbol because it seems to be
spurious, as in `$x}$'. But perhaps the } is legitimate and
you forgot something else, as in `\hbox{$x}'. In such cases
the way to recover is to insert both the forgotten and the
deleted material, e.g., by typing `I$}'.

./burbuja_0_images.tex:5: Undefined control sequence.
l.5     \subfloat
                 [Funci√≥n continua]{\includegraphics[width=.8	extwidth]{../...
The control sequence at the end of the top line
of your error message was never \def'ed. If you have
misspelled it (e.g., `\hobx'), type `I' and the correct
spelling (e.g., `I\hbox'). Otherwise just continue,
and I'll forget about whatever was undefined.

./burbuja_0_images.tex:5: Undefined control sequence.
l.5 ...ubfloat[Funci√≥n continua]{\includegraphics
                                                  [width=.8	extwidth]{../plo...
The control sequence at the end of the top line
of your error message was never \def'ed. If you have
misspelled it (e.g., `\hobx'), type `I' and the correct
spelling (e.g., `I\hbox'). Otherwise just continue,
and I'll forget about whatever was undefined.


./burbuja_0_images.tex:6: LaTeX Error: \caption outside float.

See the LaTeX manual or LaTeX Companion for explanation.
Type  H <return>  for immediate help.
 ...                                              
                                                  
l.6     \caption
                {Resultados experimentales representados mediante una nube d...

You're in trouble here.  Try typing  <return>  to proceed.
If that doesn't work, type  X <return>  to quit.

./burbuja_0_images.tex:8: Undefined control sequence.
l.8     \subfloat
                 {\includegraphics[width=10cm]{../plots/burbuja_O0_fit.png}}%
The control sequence at the end of the top line
of your error message was never \def'ed. If you have
misspelled it (e.g., `\hobx'), type `I' and the correct
spelling (e.g., `I\hbox'). Otherwise just continue,
and I'll forget about whatever was undefined.

./burbuja_0_images.tex:8: Undefined control sequence.
l.8     \subfloat{\includegraphics
                                  [width=10cm]{../plots/burbuja_O0_fit.png}}%
The control sequence at the end of the top line
of your error message was never \def'ed. If you have
misspelled it (e.g., `\hobx'), type `I' and the correct
spelling (e.g., `I\hbox'). Otherwise just continue,
and I'll forget about whatever was undefined.


./burbuja_0_images.tex:9: LaTeX Error: \caption outside float.

See the LaTeX manual or LaTeX Companion for explanation.
Type  H <return>  for immediate help.
 ...                                              
                                                  
l.9     \caption
                {Ajuste para: ordenaci√≥n usando el algoritmo de burbuja}%
You're in trouble here.  Try typing  <return>  to proceed.
If that doesn't work, type  X <return>  to quit.


./burbuja_0_images.tex:10: LaTeX Error: \begin{document} ended by \end{figure}.


See the LaTeX manual or LaTeX Companion for explanation.
Type  H <return>  for immediate help.
 ...                                              
                                                  
l.10 \end{figure}
                 
Your command was ignored.
Type  I <command> <return>  to replace it with another command,
or  <return>  to continue without it.

./burbuja_0_images.tex:10: Missing $ inserted.
<inserted text> 
                $
l.10 \end{figure}
                 
I've inserted something that you may have forgotten.
(See the <inserted text> above.)
With luck, this will get me unwedged. But if you
really didn't forget anything, try typing `2' now; then
my insertion and my current dilemma will both disappear.

Missing character: There is no √ in font cmr10!
Missing character: There is no ≥ in font cmr10!
Missing character: There is no √ in font cmr10!
Missing character: There is no ≥ in font cmr10!
./burbuja_0_images.tex:10: Missing } inserted.
<inserted text> 
                }
l.10 \end{figure}
                 
I've inserted something that you may have forgotten.
(See the <inserted text> above.)
With luck, this will get me unwedged. But if you
really didn't forget anything, try typing `2' now; then
my insertion and my current dilemma will both disappear.

./burbuja_0_images.tex:10: Missing } inserted.
<inserted text> 
                }
l.10 \end{figure}
                 
I've inserted something that you may have forgotten.
(See the <inserted text> above.)
With luck, this will get me unwedged. But if you
really didn't forget anything, try typing `2' now; then
my insertion and my current dilemma will both disappear.


Overfull \hbox (20.0pt too wide) in paragraph at lines 2--11
[]
 []


Overfull \hbox (1147.70451pt too wide) in paragraph at lines 2--11
[]\OT1/cmr/m/n/10 0[]\OML/cmm/m/it/10 oints:png\OT1/cmr/m/n/10 [\OML/cmm/m/it/1
0 Funcincontinua\OT1/cmr/m/n/10 ][][][][]$ 
 []


./burbuja_0_images.tex:12: LaTeX Error: Missing \begin{document}.

See the LaTeX manual or LaTeX Companion for explanation.
Type  H <return>  for immediate help.
 ...                                              
                                                  
l.12 \begin{verbatim}
                     
You're in trouble here.  Try typing  <return>  to proceed.
If that doesn't work, type  X <return>  to quit.


Overfull \hbox (20.0pt too wide) in paragraph at lines 12--12
[] 
 []


Overfull \hbox (314.99725pt too wide) in paragraph at lines 21--21
[]\OT1/cmtt/m/n/10 Final set of parameters            Asymptotic Standard Error
[] 
 []


Overfull \hbox (320.24721pt too wide) in paragraph at lines 21--21
[]\OT1/cmtt/m/n/10 =======================            =========================
=[] 
 []


Overfull \hbox (320.24721pt too wide) in paragraph at lines 21--21
[]\OT1/cmtt/m/n/10 a               = 3.10489e-09      +/- 7.749e-12    (0.2496%
)[] 
 []


Overfull \hbox (314.99725pt too wide) in paragraph at lines 21--21
[]\OT1/cmtt/m/n/10 b               = -4.97734e-06     +/- 2.006e-07    (4.029%)
[] 
 []


Overfull \hbox (314.99725pt too wide) in paragraph at lines 21--21
[]\OT1/cmtt/m/n/10 c               = 0.00339857       +/- 0.001083     (31.86%)
[] 
 []

)
! Emergency stop.
<*> \input burbuja_0_images.tex
                               
*** (job aborted, no legal \end found)

 
Here is how much of TeX's memory you used:
 12 strings out of 492980
 231 string characters out of 6132495
 56252 words of memory out of 5000000
 3679 multiletter control sequences out of 15000+600000
 3808 words of font info for 15 fonts, out of 8000000 for 9000
 1141 hyphenation exceptions out of 8191
 18i,3n,12p,137b,158s stack positions out of 5000i,500n,10000p,200000b,80000s
!  ==> Fatal error occurred, no output PDF file produced!
